[   0.0000] nialzingcgupsubsys cpse
[    .000] Itiizin cgrupubs cpu
  .000000] Initializing cgroup subsys cpuacct
[    0.000000] Linux version 4.027-gnnic (buildd@lc01-amd4-23 (cc vesi 5.0 2609 (Ubtu5.0-6ubuntu1~16.04.9) ) #153-Ubuntu SMP Sat May 119 10:58:46 UTC 2018 (Ubuntu 4.4.0-127.153-generic 4.4.128
[  0.00000] Command line: BOOT_IMAGE=/boot/vmlinuz-4.4.0-27-generic root=LABEL=cloudimg-rootfs ro console=tty1 console=ttyS0
[    0.000000] KERNEL supported cpus:
[    0.000000]   Intl enuineIntel
   .00000]   A AhenticAMD
[    00.0000]  entauCeauHauls[   0.000000x8/fpuxste_offset[2]:  576, xstate_sizes[2]:  256
[    0.000000] x86/fpu: Supporting XSAVE feature 0x01: 'x87 floating point registers'
[    0.000000] x86/fpu: Supporting XSAVE feature 0x02: 'SSE regisrs
[  00000x8fp: Supprtg SAVE fatre0x04'AX regiter'
[   0000000] x86/fpu: Enabled xstate features 0x7, context size is 832 bytes, using 'stanard' foma
   0.000 x86/fpu:Usg azy'FPU onxt sites
[   000000] e82 BIOS-provided physical RAM map:
[    0.000000] BIOS-e820: [mem 0x00000000000000-0x0000000fbf] sae
[  00000 BS-820: mem x0000000c0-0x00000009fff rered
[   00000]IOe80: [emx0000000f0000-0000000000ffff] seve
[  .0000]IO-e82 [m 0x0000000000100000-0x000000003ffeffff] usable
[    0.000000] BIOS-e820: [me0x000003fff0000-0x000000003fffffff] ACPI data
[    0000] BI-e820: [mem 0x00000000fec00000-0x00000000fec00fff] reserved
[    0.000000] BIOS-e820: [mem 0x00000000fee00000-0x00000000fee00fff] reserved
[    0.000000] BIOS-e820: [mem 0x000000fffc0000-0x00000000ffffffff] reserved
[    0.000000] NX (Execute Disable) protection: active
[  0.0000] SMBOS.5preset.[    0.000000] Hypervisor detected: KVM
[    0.000000] e0:as_pfn = 03f0 ax_ah_n = 0x4000000
[    0.000000] MTRR: Disabled
[    0.000000] x86/PAT: MTRRs disabled,kipping PAT initialization too.
[    0.000000] CPU MTRRs all blank  vituizd syem
[    .000] x8/P: nfigrati [-7]: W  T UC- C B T  UC-UC
    0.0000 fndMP MP-talet mem 0009f0-000ff] mapp a[fff880009ff0]
  0.0000] cain 1 aea f low memo crutin   0.0000]AMDIK:mem 0x36aa00-0x354ff
[   00000] CP Erly able checksm erification disabled
[    0.000000] ACPI: RSDP 0x0000000000E00 000 (2 BOX  )
[  00000]AC: SDT 000000003FFF0030 00003C (v01 VBOX   VBOXXSDT 00000001 ASL  00000061)
[    0.000000] ACPI: FACP 0x000000003FF0F0 004 04 VOX   OXAC 00000001 ASL  00000061)
[    0.0000]ACPI: DSDT 0x000000003FFF0470 0021FF (v02 VBOX   BOIO 0000 INTL 20100528)
[    0.000000] ACPI: FACS 0x000000003FFF0200 000040
[    0.000000] ACPI: FACS 0x000000003FFF0200 000040
[    0.000000] ACPI: APIC 0x00000FFF040005C (2 BO   VOXIC000000 AL 0000061)
[    0.000000] ACPI:SD0x000000FF02A000C (v VBOX  BOXCT 0000002 INTL 01058)
[   0000] NoUMconfurio found
[  .0000]akng ne t [m 000000000000000x000003efff]
[    0.000000] ODDAA(0) allocated [mem 3ffeb00-0x3ffeffff]
[    0.00000]kvm-clock: Ungsr 4b564d0 a 4b564d00
[  00000] vmlock: cp 0ms0:3ffe30, imary cpu clock
[    0.000000] kvm-clock: using sched offset of 391763043cyces
[  0.000000]clcksocekv-clock mk:0xffffffffffffmacyes: x1424dffb,maide_ns 881901483s[   0.00] Zoe ng:
[  000000]  A     [emx00000000000-00000000fffff]    0.0000]  DA3  mem 0x0000000001000000-00000000ffeffff]
[    00000]   ormal emty
[  00000] Dece   ept
[   0.000] ovableonstart orac node
[    0.000000] Early memory node ranges
[    0.000000]   node   0: [mem 0x0000000000001000-0x000000000009efff]
[    0.000000]   node   0: [mem 0x000000000010000x0000003feff
[  00000] nitmem etp node0 emx0000000001000-x00003ffff
[   0000] ACI: PM-imr IO Pt:0x4008
[   0.000000] IOAPIC[0 apic_id 2, verson32, address xfc00000, GSI 023[   0.0000] ACPI: INT_SRC_OVR (bus 0 bus_irq 0 global_irq 2 dfl dfl)
[   0.000000] ACP I_SRC_R (bus 0 bus_irq 9 gobl_i 9ow level)
[    0.000000] Using ACPI (MADT f SP congutin information
[   0.000000] smpboot: Allowing 2 CPUs, 0 hotplug CPUs
[    0.000000] PM: Registered nosave memory: [mem 0x00000000-0x00000fff]
[    0.000000] PM: Registered nosave memory: [mem 0x0009f000-0x0009ffff]
[    0.000000] PM: Registered nosave memory: em0x000a00-0000efff]
[    0.000000] PM: Registered nosave memory: [mem 0000000x0ffff]
[    0.000000] e820: [mem 0x40000000-0xfebfffff] available for PCI devices
[   .000] Bootngaraviraled kereln VM
[  00000 cckouce rfined-jifi: ask:xffffff maxcycl: xfffffffma_idlns765519602168ns
[  00000] etuppepu: NRPU:52 nr_cpmak_bit:512 n_c_is:2 nrno_is:1
[  00000 PCP: Embde34 pgecp@ffff88003fc000 954481 d1528 u0457
[    0.000000] PV qspilo hash bl entrie: 56(order0,4096 byte)[    00000 Built1 neistsn deorermoility gropi o.  Tot pes: 2591
[   0.000] olicyyon DA32
[  00000] rnl commd ne: BOT_AG=/bootvmnu-44.12geneicrot=LABE=couimg-rofso onsole=y1cosole=yS
[   0.000]ID hash ab etrs:096 (order: 3, 32768 bytes)
[   0.0000Meory: 001608K/1048120K ailble 53 krnelco, 313Kwda,40K daa, 152Kni 1316Kbs, 512K rseed 0K cm-rered)
[    0.000000] SLUB: HWalign=4,Orr=0-3, MObcts=0,PU2, Nodes=1
[   000000] Kernel/User page tables isolation: enabled
[    00000 Hierccal RC ileentaion.
[   0.00000 	il-tim ajutmnt o lffanout to4.
[    0.000000] 	RCU restricting CPUs from NR_CPUS=512 to nr_cpu_ids=2.
[    0.000000] RCU: Adjusting geometry for rcu_fanout_leaf=64, nr_cpu_ids=2[   0.000000] NR_IRQS:3302 nirs:440 
   0.000]onsol cour VG+ x2
[    00000]onle [y1enbld   0.000] cosole[tyS] enaed
[    0.000000] tsc: Detected 2304.000 MHz processor
[   15.149892] Calibrating delay loop (skipped) preset value.. 4608.00 BogoMIPS (lpj=9216000)
[   15.347030] pid_max: default: 32768 minimum: 301
[   15.455432] ACPI: Core revision 20150930
[   15.551992] ACPI: 2 ACPI AML tables successfully acquired and loaded
[   15.699596] Security Framework initialized
[   15.796279] Yama: becoming mindful.
[   15.831759] AppArmor: AppArmor initialized
[   15.931148] Dentry cache hash table entries: 131072 (order: 8, 1048576 bytes)
[   16.081923] Inode-cache hash table entries: 65536 (order: 7, 524288 bytes)
[   16.236876] Mount-cache hash table entries: 2048 (order: 2, 16384 bytes)
[   16.406051] Mountpoint-cache hash table entries: 2048 (order: 2, 16384 bytes)
[   16.565105] Initializing cgroup subsys io
[   16.596513] Initializing cgroup subsys memory
[   16.688101] Initializing cgroup subsys devices
[   16.789208] Initializing cgroup subsys freezer
[   16.895719] Initializing cgroup subsys net_cls
[   16.996132] Initializing cgroup subsys perf_event
[   17.095932] Initializing cgroup subsys net_prio
[   17.175041] Initializing cgroup subsys hugetlb
[   17.268788] Initializing cgroup subsys pids
[   17.356676] CPU: Physical Processor ID: 0
[   17.456416] CPU: Processor Core ID: 0
[   17.532549] mce: CPU supports 0 MCE banks
[   17.585400] Last level iTLB entries: 4KB 64, 2MB 8, 4MB 8
[   17.713888] Last level dTLB entries: 4KB 64, 2MB 0, 4MB 0, 1GB 4
[   17.838038] Spectre V2 : Mitigation: Full generic retpoline
[   17.876429] Spectre V2 : Speculation control IBPB not-supported IBRS not-supported
[   17.929063] Spectre V2 : Filling RSB on context switch
[   18.043301] Speculative Store Bypass: Vulnerable
[   18.156023] Freeing SMP alternatives memory: 32K
[   18.215874] ftrace: allocating 32237 entries in 126 pages
[   18.364303] smpboot: APIC(0) Converting physical 0 to logical package 0
[   18.518982] smpboot: Max logical packages: 1
[   18.623447] x2apic enabled
[   18.683890] Switched APIC routing to physical x2apic.
[   18.803063] ..TIMER: vector=0x30 apic1=0 pin1=2 apic2=-1 pin2=-1
[   19.052057] smpboot: CPU0: Intel(R) Core(TM) i5-7360U CPU @ 2.30GHz (family: 0x6, model: 0x8e, stepping: 0x9)
[   19.193807] Performance Events: unsupported p6 CPU model 142 no PMU driver, software events only.
[   19.311330] KVM setup paravirtual spinlock
[   19.400397] x86: Booting SMP configuration:
[   19.409824] .... node  #0, CPUs:      #1
[   19.434709] kvm-clock: cpu 1, msr 0:3ffe3041, secondary cpu clock
[   19.462856] mce: CPU supports 0 MCE banks
[   19.466964] x86: Booted up 1 node, 2 CPUs
[   19.517621] smpboot: Total of 2 processors activated (9216.00 BogoMIPS)
[   19.569826] devtmpfs: initialized
[   19.645645] evm: security.selinux
[   19.696660] evm: security.SMACK64
[   19.697613] evm: security.SMACK64EXEC
[   19.698635] evm: security.SMACK64TRANSMUTE
[   19.712555] evm: security.SMACK64MMAP
[   19.756969] evm: security.ima
[   19.774777] evm: security.capability
[   19.828766] clocksource: jiffies: mask: 0xffffffff max_cycles: 0xffffffff, max_idle_ns: 7645041785100000 ns
[   19.937313] futex hash table entries: 512 (order: 3, 32768 bytes)
[   20.015657] pinctrl core: initialized pinctrl subsystem
[   20.091530] RTC time: 21:16:15, date: 06/11/18
[   20.105192] NET: Registered protocol family 16
[   20.116560] cpuidle: using governor ladder
[   20.196729] cpuidle: using governor menu
[   20.236321] PCCT header not found.
[   20.287359] ACPI: bus type PCI registered
[   20.349698] acpiphp: ACPI Hot Plug PCI Controller Driver version: 0.5
[   20.442405] PCI: Using configuration type 1 for base access
[   20.489189] ACPI: Added _OSI(Module Device)
[   20.530069] ACPI: Added _OSI(Processor Device)
[   20.611534] ACPI: Added _OSI(3.0 _SCP Extensions)
[   20.631612] ACPI: Added _OSI(Processor Aggregator Device)
[   20.652861] ACPI: Executed 1 blocks of module-level executable AML code
[   20.679389] ACPI: Interpreter enabled
[   20.692329] ACPI: (supports S0 S5)
[   20.713548] ACPI: Using IOAPIC for interrupt routing
[   20.715031] PCI: Using host bridge windows from ACPI; if necessary, use "pci=nocrs" and report a bug
[   20.802062] ACPI: PCI Root Bridge [PCI0] (domain 0000 [bus 00-ff])
[   20.860441] acpi PNP0A03:00: _OSC: OS supports [ASPM ClockPM Segments MSI]
[   20.965666] acpi PNP0A03:00: _OSC: not requesting OS control; OS requires [ExtendedConfig ASPM ClockPM MSI]
[   21.091992] acpi PNP0A03:00: fail to add MMCONFIG information, can't access extended PCI configuration space under this bridge.
[   21.277136] PCI host bridge to bus 0000:00
[   21.353806] pci_bus 0000:00: root bus resource [io  0x0000-0x0cf7 window]
[   21.488751] pci_bus 0000:00: root bus resource [io  0x0d00-0xffff window]
[   21.518828] pci_bus 0000:00: root bus resource [mem 0x000a0000-0x000bffff window]
[   21.613151] pci_bus 0000:00: root bus resource [mem 0x40000000-0xfdffffff window]
[   21.724212] pci_bus 0000:00: root bus resource [bus 00-ff]
[   21.798063] pci 0000:00:01.1: legacy IDE quirk: reg 0x10: [io  0x01f0-0x01f7]
[   21.917824] pci 0000:00:01.1: legacy IDE quirk: reg 0x14: [io  0x03f6]
[   22.028530] pci 0000:00:01.1: legacy IDE quirk: reg 0x18: [io  0x0170-0x0177]
[   22.129022] pci 0000:00:01.1: legacy IDE quirk: reg 0x1c: [io  0x0376]
[   22.233487] pci 0000:00:07.0: quirk: [io  0x4000-0x403f] claimed by PIIX4 ACPI
[   22.311874] pci 0000:00:07.0: quirk: [io  0x4100-0x410f] claimed by PIIX4 SMB
[   22.382087] ACPI: PCI Interrupt Link [LNKA] (IRQs 5 9 10 *11)
[   22.485213] ACPI: PCI Interrupt Link [LNKB] (IRQs 5 9 *10 11)
[   22.564782] ACPI: PCI Interrupt Link [LNKC] (IRQs 5 *9 10 11)
[   22.636991] ACPI: PCI Interrupt Link [LNKD] (IRQs 5 9 10 *11)
[   22.639006] ACPI: Enabled 2 GPEs in block 00 to 07
[   22.641043] vgaarb: setting as boot device: PCI:0000:00:02.0
[   22.704831] vgaarb: device added: PCI:0000:00:02.0,decodes=io+mem,owns=io+mem,locks=none
[   22.842576] vgaarb: loaded
[   22.883651] vgaarb: bridge control possible 0000:00:02.0
[   22.973413] SCSI subsystem initialized
[   23.030511] ACPI: bus type USB registered
[   23.086281] usbcore: registered new interface driver usbfs
[   23.200995] usbcore: registered new interface driver hub
[   23.207855] usbcore: registered new device driver usb
[   23.278788] PCI: Using ACPI for IRQ routing
[   23.345130] NetLabel: Initializing
[   23.374586] NetLabel:  domain hash size = 128
[   23.449088] NetLabel:  protocols = UNLABELED CIPSOv4
[   23.542526] NetLabel:  unlabeled traffic allowed by default
[   23.620899] amd_nb: Cannot enumerate AMD northbridges
[   23.701330] clocksource: Switched to clocksource kvm-clock
[   23.803696] AppArmor: Apprm FesteEnled
[   24.19] p: PnP ACPI init
[ 24109]npPnACPI: fnd dic
[   24.640998] clocksource: acpi_pm: mask: 0xffffff max_cycles: 0xffffff, max_idle_ns: 2085701024 ns
[   24.815645] NET: Registered protocol family 2
[   24.821141] TCP established hash table entries: 8192 (order: 4, 65536 bytes)
[   24.857404] TCP bind hash table entries: 8192 (order: 5, 131072 bytes)
[   24.874764] TCP: Hash tables configured (established 8192 bind 8192)
[   24.892314] UDP hash table entries: 512 (order: 2, 16384 bytes)
[   25.032397] UDP-Lite hash table entries: 512 (order: 2, 16384 bytes)
[   25.035697] NET: Registered protocol family 1
[   25.036896] pci 0000:00:00.0: Limiting direct PCI/PCI transfers
[   25.224069] pci 0000:00:01.0: Activating ISA DMA hang workarounds
[   25.227955] Unpacking initramfs...
[   26.774881] Freeing initrd memory: 10912K
[   26.866734] platform rtc_cmos: registered platform RTC device (no PNP device found)
[   26.873179] Scanning for low memory corruption every 60 seconds
[   26.882958] audit: initializing netlink subsys (disabled)
[   26.948600] audit: type=2000 audit(1528751763.761:1): initialized
[   26.963198] Initialise system trusted keyring
[   26.966297] HugeTLB registered 2 MB page size, pre-allocated 0 pages
[   26.977957] zbud: loaded
[   26.990393] VFS: Disk quotas dquot_6.6.0
[   26.995123] VFS: Dquot-cache hash table entries: 512 (order 0, 4096 bytes)
[   27.013923] squashfs: version 4.0 (2009/01/31) Phillip Lougher
[   27.022727] fuse init (API version 7.23)
[   27.028730] Key type big_key registered
[   27.033811] Allocating IMA MOK and blacklist keyrings.
[   27.042361] Key type asymmetric registered
[   27.068289] Asymmetric key parser 'x509' registered
[   27.090049] Block layer SCSI generic (bsg) driver version 0.4 loaded (major 249)
[   27.111983] io scheduler noop registered
[   27.116467] io scheduler deadline registered (default)
[   27.123387] io scheduler cfq registered
[   27.131978] pci_hotplug: PCI Hot Plug PCI Core version: 0.5
[   27.150041] pciehp: PCI Express Hot Plug Controller Driver version: 0.4
[   27.152080] ACPI: AC Adapter [AC] (off-line)
[   27.182204] input: Power Button as /devices/LNXSYSTM:00/LNXPWRBN:00/input/input0
[   27.272394] ACPI: Power Button [PWRF]
[   27.292103] input: Sleep Button as /devices/LNXSYSTM:00/LNXSLPBN:00/input/input1
[   27.294131] ACPI: Sleep Button [SLPF]
[   27.302070] GHES: HEST is not enabled!
[   27.303197] ACPI: Battery Slot [BAT0] (battery present)
[   27.381152] Serial: 8250/16550 driver, 32 ports, IRQ sharing enabled
ÿ[   27.494171] 00:02: ttyS0 at I/O 0x3f8 (irq = 4, base_baud = 115200) is a 16550A
[   27.539366] Linux agpgart interface v0.103
[   27.555683] loop: module loaded
[   27.565063] scsi host0: ata_piix
[   27.579062] scsi host1: ata_piix
[   27.580125] ata1: PATA max UDMA/33 cmd 0x1f0 ctl 0x3f6 bmdma 0xd000 irq 14
[   27.605633] ata2: PATA max UDMA/33 cmd 0x170 ctl 0x376 bmdma 0xd008 irq 15
[   27.616872] libphy: Fixed MDIO Bus: probed
[   27.619501] tun: Universal TUN/TAP device driver, 1.6
[   27.625141] tun: (C) 1999-2004 Max Krasnyansky <maxk@qualcomm.com>
[   27.705969] PPP generic driver version 2.4.2
[   27.721896] ehci_hcd: USB 2.0 'Enhanced' Host Controller (EHCI) Driver
[   27.723573] ehci-pci: EHCI PCI platform driver
[   27.727221] ehci-platform: EHCI generic platform driver
[   27.728600] ohci_hcd: USB 1.1 'Open' Host Controller (OHCI) Driver
[   27.761048] ohci-pci: OHCI PCI platform driver
[   27.802376] ohci-platform: OHCI generic platform driver
[   27.803799] uhci_hcd: USB Universal Host Controller Interface driver
[   27.825518] i8042: PNP: PS/2 Controller [PNP0303:PS2K,PNP0f03:PS2M] at 0x60,0x64 irq 1,12
[   27.911281] tsc: Refined TSC clocksource calibration: 2302.482 MHz
[   27.932139] clocksource: tsc: mask: 0xffffffffffffffff max_cycles: 0x21305dc18f7, max_idle_ns: 440795286630 ns
[   27.932604] serio: i8042 KBD port at 0x60,0x64 irq 1
[   27.932609] serio: i8042 AUX port at 0x60,0x64 irq 12
[   28.068895] mousedev: PS/2 mouse device common for all mice
[   28.069123] input: AT Translated Set 2 keyboard as /devices/platform/i8042/serio0/input/input2
[   28.069476] rtc_cmos rtc_cmos: rtc core: registered rtc_cmos as rtc0
[   28.069523] rtc_cmos rtc_cmos: alarms up to one day, 114 bytes nvram
[   28.069528] i2c /dev entries driver
[   28.069578] device-mapper: uevent: version 1.0.3
[   28.069621] device-mapper: ioctl: 4.34.0-ioctl (2015-10-28) initialised: dm-devel@redhat.com
[   28.069637] ledtrig-cpu: registered to indicate activity on CPUs
[   28.069854] NET: Registered protocol family 10
[   28.069975] NET: Registered protocol family 17
[   28.069983] Key type dns_resolver registered
[   28.070156] registered taskstats version 1
[   28.070172] Loading compiled-in X.509 certificates
[   28.070668] Loaded X.509 cert 'Build time autogenerated kernel key: 9f6f572a3ee0cb468eb8db4aa61815bc74ef6adb'
[   28.070683] zswap: loaded using pool lzo/zbud
[   28.072117] Key type trusted registered
[   28.074433] Key type encrypted registered
[   28.074438] AppArmor: AppArmor sha1 policy hashing enabled
[   28.074441] ima: No TPM chip found, activating TPM-bypass!
[   28.074458] evm: HMAC attrs: 0x1
[   28.074734]   Magic number: 6:773:297
[   28.081628] rtc_cmos rtc_cmos: setting system clock to 2018-06-11 21:16:23 UTC (1528751783)
[   28.081692] BIOS EDD facility v0.16 2004-Jun-25, 0 devices found
[   28.081693] EDD information not available.
[   29.291745] Freeing unused kernel memory: 1512K
[   30.307070] Write protecting the kernel read-only data: 14336k
[   30.368144] Freeing unused kernel memory: 1692K
[   30.417881] Freeing unused kernel memory: 96K
Loading, please [   30.500133] random: systemd-udevd: uninitialized urandom read (16 bytes read, 9 bits of entropy available)
wait...
startin[   30.500683] random: udevadm: uninitialized urandom read (16 bytes read, 9 bits of entropy available)
g version 229
[   30.500703] random: udevadm: uninitialized urandom read (16 bytes read, 9 bits of entropy available)
[   30.510852] random: udevadm: uninitialized urandom read (16 bytes read, 9 bits of entropy available)
[   30.510896] random: udevadm: uninitialized urandom read (16 bytes read, 9 bits of entropy available)
[   30.511042] random: udevadm: uninitialized urandom read (16 bytes read, 9 bits of entropy available)
[   30.511099] random: udevadm: uninitialized urandom read (16 bytes read, 9 bits of entropy available)
[   30.511153] random: udevadm: uninitialized urandom read (16 bytes read, 9 bits of entropy available)
[   30.511211] random: udevadm: uninitialized urandom read (16 bytes read, 9 bits of entropy available)
[   30.511265] random: udevadm: uninitialized urandom read (16 bytes read, 9 bits of entropy available)
[   31.809840] e1000: Intel(R) PRO/1000 Network Driver - version 7.3.21-k8-NAPI
[   31.825167] e1000: Copyright (c) 1999-2006 Intel Corporation.
[   31.829094] Fusion MPT base driver 3.04.20
[   31.902197] Copyright (c) 1999-2008 LSI Corporation
[   31.910991] Fusion MPT SPI Host driver 3.04.20
[   32.031493] AVX2 version of gcm_enc/dec engaged.
[   32.038546] AES CTR mode by8 optimization enabled
[   32.104082] input: ImExPS/2 Generic Explorer Mouse as /devices/platform/i8042/serio1/input/input4
[   32.530939] e1000 0000:00:03.0 eth0: (PCI:33MHz:32-bit) 02:4c:6a:c3:d3:7f
[   32.592205] e1000 0000:00:03.0 eth0: Intel(R) PRO/1000 Network Connection
[   32.614727] mptbase: ioc0: Initiating bringup
[   32.640480] e1000 0000:00:03.0 enp0s3: renamed from eth0
[   32.873569] ioc0: LSI53C1030 A0: Capabilities={Initiator}
[   33.372891] scsi host2: ioc0: LSI53C1030 A0, FwRev=00000000h, Ports=1, MaxQ=256, IRQ=20
[   34.391978] scsi 2:0:0:0: Direct-Access     VBOX     HARDDISK         1.0  PQ: 0 ANSI: 5
[   34.934666] scsi target2:0:0: Beginning Domain Validation
[   35.033751] scsi target2:0:0: Domain Validation skipping write tests
[   35.141174] scsi target2:0:0: Ending Domain Validation
[   35.234071] scsi target2:0:0: asynchronous
[   35.298465] scsi 2:0:1:0: Direct-Access     VBOX     HARDDISK         1.0  PQ: 0 ANSI: 5
[   35.981650] scsi target2:0:1: Beginning Domain Validation
[   36.092306] scsi target2:0:1: Domain Validation skipping write tests
[   36.958792] scsi target2:0:1: Ending Domain Validation
[   37.027368] scsi target2:0:1: asynchronous
[   37.077048] sd 2:0:0:0: Attached scsi generic sg0 type 0
[   37.079799] sd 2:0:1:0: [sdb] 20480 512-byte logical blocks: (10.5 MB/10.0 MiB)
[   37.079871] sd 2:0:0:0: [sda] 20971520 512-byte logical blocks: (10.7 GB/10.0 GiB)
[   37.089990] sd 2:0:1:0: Attached scsi generic sg1 type 0
[   37.369041] sd 2:0:0:0: [sda] Write Protect is off
[   37.531783] sd 2:0:1:0: [sdb] Write Protect is off
[   37.639060] sd 2:0:0:0: [sda] Incomplete mode parameter data
[   37.705240] sd 2:0:0:0: [sda] Assuming drive cache: write through
[   37.705803] sd 2:0:1:0: [sdb] Incomplete mode parameter data
[   37.705804] sd 2:0:1:0: [sdb] Assuming drive cache: write through
[   37.882909] sd 2:0:1:0: [sdb] Attached SCSI disk
[   38.130268]  sda: sda1
[   38.141407] sd 2:0:0:0: [sda] Attached SCSI disk
Begin: Loading e[   39.483275] md: linear personality registered for level -1
ssential drivers[   39.582572] md: multipath personality registered for level -4
 ... [   39.696803] md: raid0 personality registered for level 0
[   39.792679] md: raid1 personality registered for level 1
[   39.945570] raid6: sse2x1   gen() 11733 MB/s
[   40.073625] raid6: sse2x1   xor()  9162 MB/s
[   40.213543] raid6: sse2x2   gen() 15045 MB/s
[   40.333518] raid6: sse2x2   xor()  8876 MB/s
[   40.473917] raid6: sse2x4   gen() 17510 MB/s
[   40.593399] raid6: sse2x4   xor() 10278 MB/s
[   40.741434] raid6: avx2x1   gen() 24335 MB/s
[   40.881338] raid6: avx2x2   gen() 28055 MB/s
[   41.013499] raid6: avx2x4   gen() 31062 MB/s
[   41.078762] raid6: using algorithm avx2x4 gen() 31062 MB/s
[   41.163523] raid6: using avx2x2 recovery algorithm
[   41.234094] xor: automatically using best checksumming function:
[   41.433526]    avx       : 17184.000 MB/sec
[   41.438934] async_tx: api initialized (async)
[   41.473089] md: raid6 personality registered for level 6
[   41.479972] md: raid5 personality registered for level 5
[   41.489709] md: raid4 personality registered for level 4
[   41.534090] md: raid10 personality registered for level 10
done.
Begin: Running /scripts/init-premount ... done.
Begin: Mounting root file system ... Begin: Running /scripts/local-top ... done.
Begin: Running /scripts/local-premount ... [   41.625703] Btrfs loaded
Scanning for Btrfs filesystems
done.
Warning: fsck no[   41.699352] EXT4-fs (sda1): mounted filesystem with ordered data mode. Opts: (null)
t present, so skipping root file system
done.
Begin: Running /scripts/local-bottom ... done.
Begin: Running /scripts/init-bottom ... done.
[   41.852694] systemd[1]: systemd 229 running in system mode. (+PAM +AUDIT +SELINUX +IMA +APPARMOR +SMACK +SYSVINIT +UTMP +LIBCRYPTSETUP +GCRYPT +GNUTLS +ACL +XZ -LZ4 +SECCOMP +BLKID +ELFUTILS +KMOD -IDN)
[   42.032640] systemd[1]: Detected virtualization oracle.
[   42.046605] systemd[1]: Detected architecture x86-64.

Welcome to [1mUbuntu 16.04.4 LTS[0m!

[ 421143] sysem[1 S htne to <ubuntu>.
[ 42162] systemd[1]: Initializing machine ID from random generato
  2.30] ystemd[1]: Installed transient /etc/machine-id file.
[   43.172921] random: nonblocking pool is initialized
[   43.284786] systemd[1]: Rechd art erndro Ne Lokps.
[[0;32m  OK  [0m] Reached target User and Group Name Lookups.
[ 435002] systemd[1] Ltengondev onoloct. [[0;32m  OK  [0m] Listening on udev Control Socket.
[ 444208] sytemd[1]: Rch trg Swap.
[[0;32m  OK  [0m] Reached target Swap.
[   .877 stemd[1: Listening n M2meda daem ske
[[0;32m  OK  [0m] Listening on LVM2 metadata daemon socket.
[  4.981] systemd[1]: Listening on Journal Audit Socket.
[[0;32m  OK  [0m] Listening on Journal Audit Socket.
[ 471246systemd[1]: Started Trigger resolvconf update for networkd DNS.
[[0;32m  OK  [0m] Started Trigger resolvconf update for networkd DNS.
[   43557syem1]Rehetaetncpt Vlumes.
[[0;32m  OK  [0m] Reached target Encrypted Volumes.
[ 48.017780] systemd[1: isni oJourl ck. [[0;32m  OK  [0m] Listening on Journal Socket.
[ 4851067] systemd[1]: Listening on Device-mapper event daemon FIFOs.
[[0;32m  OK  [0m] Listening on Device-mapper event daemon FIFOs.
[   49.118497] systemd[1]: Reached target System Time Sncronze. [[0;32m  OK  [0m] Reached target System Time Synchronized.
[ 49660]ysmd]:isnig n Slog Socket.

[[0;32m  OK  [0m] Listening on Syslog Socket.
[   49.7964]systed[: ead lice System Slice.
[[0;32m  OK  [0m] Created slice System Slice.
[[  50.190135] systemd[1]: Mounting POSIX Message Queue File System...
         Mounting POSIX Message Queue File System...
[   50.242730] systemd[1]: Starting Create list of required static device nodes for the current kernel...
         Starting Create list of required st... nodes for the current kernel...
[   50.333922] systemd[1]: Mounting Debug File System...
         Mounting Debug File System...
[   50.414152] systemd[1]: Starting Remount Root and Kernel File Systems...
         [   50.457345] EXT4-fs (sda1): re-mounted. Opts: (null)
Starting Remount Root and Kernel File Systems...
[   0.57] ysem1]Liening on /dv/ittlCoatbility Named Pipe.
[[0;32m  OK  [0m] Listening on /dev/initctl Compatibility Named Pipe.
[ 51.246178] ystemd[1]: Set p utou AitryxetaleilFoatFie System tounPot.
[[0;32m  OK  [0m] Set up automount Arbitrary Executab...ats File System Automount Point.
[   52.206035] systemd[1]: Starting Nameserver information manager...
         Starting Nameserver information manager...
[   52.386044] systemd[1]: Starting Load Kernel Modules...
         Starting Load Ke[   52.472750] Loading iSCSI transport class v2.0-870.
rnel Modules...
[   52.501136] systemd[1]: Listening on LVM2 poll daemon socket.
[[0;32m  OK  [0[   52.595095] iscsi: registered transport (tcp)
m] Listening on LVM2 poll daemon socket.
[   52.777670] systemd[1]: Starting Set console keymap...
         Startin[   52.868680] iscsi: registered transport (iser)
g Set console keymap...
[   52.906137] systemd[1]: Started Forward Password Requests to Wall Directory Watch.
[[0;32m  OK  [0m] Started Forward Password Requests to Wall Directory Watch.
[   53.214880] systemd[1]: Created slice system-serial\x2dgetty.slice.
[[0;32m  OK  [0m] Created slice system-serial\x2dgetty.slice.
[   53.348928] systemd[1]: Listening on Journal Socket (/dev/log).
[[0;32m  OK  [0m] Listening on Journal Socket (/dev/log).
[   53.561687] systemd[1]: Starting Journal Service...
         Starting Journal Service...
[   53.598599] systemd[1]: Starting Uncomplicated firewall...
         Starting Uncomplicated firewall...
[   53.693999] systemd[1]: Starting Monitoring of LVM2 mirrors, snapshots etc. using dmeventd or progress polling...
         Starting Monitoring of LVM2 mirrors... dmeventd or progress polling...
[   54.006825] systemd[1]: Listening on udev Kernel Socket.
[[0;32m  OK  [0m] Listening on udev Kernel Socket.
[   54.213954] systemd[1]: Mounting Huge Pages File System...
         Mounting Huge Pages File System...
[   54.387128] systemd[1]: Created slice User and Session Slice.
[[0;32m  OK  [0m] Created slice User and Session Slice.
[   54.538887] systemd[1]: Reached target Slices.
[[0;32m  OK  [0m] Reached target Slices.
[   54.671502] systemd[1]: Mounted POSIX Message Queue File System.
[[0;32m  OK  [0m] Mounted POSIX Message Queue File System.
[   54.725770] systemd[1]: Mounted Huge Pages File System.
[[0;32m  OK  [0m] Mounted Huge Pages File System.
[   54.813976] systemd[1]: Mounted Debug File System.
[[0;32m  OK  [0m] Mounted Debug File System.
[   54.966868] systemd[1]: Started Journal Service.
[[0;32m  OK  [0m] Started Journal Service.
[[0;32m  OK  [0m] Started Create list of required sta...ce nodes for the current kernel.
[[0;32m  OK  [0m] Started Remount Root and Kernel File Systems.
[[0;32m  OK  [0m] Started Load Kernel Modules.
[[0;32m  OK  [0m] Started Set console keymap.
[[0;32m  OK  [0m] Started Uncomplicated firewall.
[[0;32m  OK  [0m] Started Nameserver information manager.
[[0;32m  OK  [0m] Started LVM2 metadata daemon.
         Starting Apply Kernel Variables...
         Mounting FUSE Control File System...
         Starting Load/Save Random Seed...
         Starting udev Coldplug all Devices...
         Starting Create Static Device Nodes in /dev...
         Starting Flush Journal to Persistent Storage...
[[0;32m  OK  [0m] Mounted FUSE Control File System.
[[0;32m  OK  [0m] Started Monitoring of LVM2 mirrors,...ng dmeventd or progress polling.
[[0;32m  OK  [0m] Started Apply Kernel Variables.
[[0;32m  OK  [0m] Started Load/Save Random Seed.
[[0;32m  OK  [0m] Started Create Static Device Nodes in /dev.
[[0;32m  OK  [0m] Started udev Coldplug all Devices.
         Starting udev Kernel Device Manager...
[[0;32m  OK  [0m] Started Flush Journal to Persistent Storage.
[[0;32m  OK  [0m] Started udev Kernel Device Manager.
[[0;32m  OK  [0m] Started Dispatch Password Requests to Console Directory Watch.
[[0;32m  OK  [0m] Reached target Local File Systems (Pre).
[[0;32m  OK  [0m] Reached target Local File Systems.
         Starting LSB: AppArmor initialization...
         Starting Commit a transient machine-id on disk...
         Starting Initial cloud-init job (pre-networking)...
         Starting Set console font and keymap...
         Starting Tell Plymouth To Write Out Runtime Data...
         Starting Create Volatile Files and Directories...
[[0;32m  OK  [0m] Started Commit a transient machine-id on disk.
[[0;32m  OK  [0m] Started Tell Plymouth To Write Out Runtime Data.
[[0;32m  OK  [0m] Started Create Volatile Files and Directories.
[[0;32m  OK  [0m] Found device /dev/ttyS0.
[[0;32m  OK  [0m] Listening on Load/Save RF Kill Switch Status /dev/rfkill Watch.
         Starting Update UTMP about System Boot/Shutdown...
[[[0;32m  OK  [0m] Started Update UTMP about System Boot/Shutdown.
[[0;1;31mFAILED[0m] Failed to start Set console font and keymap.
See 'systemctl status console-setup.service' for details.
[[0;32m  OK  [0m] Created slice system-getty.slice.
[[0;32m  OK  [0m] Started LSB: AppArmor initialization.
[   35.025083] cloud-init[623]: Cloud-init v. 18.2 running 'init-local' at Mon, 11 Jun 2018 21:16:53 +0000. Up 34.69 seconds.
[[0;32m  OK  [0m] Started Initial cloud-init job (pre-networking).
[[0;32m  OK  [0m] Reached target Network (Pre).
         Starting Raise network interfaces...
[[0;32m  OK  [0m] Started Raise network interfaces.
         Starting Initial cloud-init job (metadata service crawler)...
[[0;32m  OK  [0m] Reached target Network.
[   36.395007] cloud-init[928]: Cloud-init v. 18.2 running 'init' at Mon, 11 Jun 2018 21:16:54 +0000. Up 35.71 seconds.
[   36.406062] cloud-init[928]: ci-info: +++++++++++++++++++++++++++++++++++++Net device info++++++++++++++++++++++++++++++++++++++
[   36.414264] cloud-init[928]: ci-info: +--------+------+----------------------------+---------------+-------+-------------------+
[   36.423888] cloud-init[928]: ci-info: | Device |  Up  |          Address           |      Mask     | Scope |     Hw-Address    |
[   36.440785] cloud-init[928]: ci-info: +--------+------+----------------------------+---------------+-------+-------------------+
[[0;32m  OK  [0m] Started Initial cloud-init job (metadata service crawler).
[[0;32m  OK  [0m] Reached target Network is Online.
[   36.459524] cloud-init[928]: ci-info: | enp0s3 | True |         10.0.2.15          | 255.255.255.0 |   .   | 02:4c:6a:c3:d3:7f |
[   36.512308]          cloud-initStarting iSCSI initiator daemon (iscsid)...[928]: 
ci-info: | enp0s3 | True | fe80::4c:6aff:fec3:d37f/64 |       .       |  link | 02:4c:6a:c3:d3:7f |
[   36.765273] [cloud-init[0;32m  OK  [0m[928]: ] ci-info: |   lo   | True |         127.0.0.1          |   255.0.0.0   |   .   |         .         |Reached target System Initialization.

[   36.974110]          cloud-initStarting LXD - unix socket.[928]: 
ci-info: |   lo   | True |          ::1/128           |       .       |  host |         .         |
[   37.168696] [cloud-init[0;32m  OK  [0m[928]: ] ci-info: +--------+------+----------------------------+---------------+-------+-------------------+Started ACPI Events Check.

[   37.169522] [cloud-init[0;32m  OK  [0m[928]: ] ci-info: +++++++++++++++++++++++++++Route IPv4 info++++++++++++++++++++++++++++Reached target Paths.

[   37.401018]          cloud-initStarting Socket activation for snappy daemon.[928]: 
ci-info: +-------+-------------+----------+---------------+-----------+-------+
[   37.585014] cloud-init[928]: ci-info: | Route | Destination | Gateway  |    Genmask    | Interface | Flags |
[[0;32m  OK  [0m] Listening on ACPID Listen Socket.
[   37.586260] [cloud-init[0;32m  OK  [0m[928]: ] ci-info: +-------+-------------+----------+---------------+-----------+-------+Listening on UUID daemon activation socket.

[   37.912757] [cloud-init[0;32m  OK  [0m[928]: ] ci-info: |   0   |   0.0.0.0   | 10.0.2.2 |    0.0.0.0    |   enp0s3  |   UG  |Listening on D-Bus System Message Bus Socket.

[[0;32m  OK  [0m] Started Daily apt download activities.
[[0;32m  OK  [0m] Started Daily Cleanup of Temporary Directories.
[   37.913830] cloud-init[928]: ci-info: |   1   |   10.0.2.0  | 0.0.0.0  | 255.255.255.0 |   enp0s3  |   U   |
[[0;32m  OK  [0m] Started Daily apt upgrade and clean activities.
[   38.291636] cloud-init[928]: ci-info: +-------+-------------+----------+---------------+-----------+-------+
[   38.442302] [cloud-init[0;32m  OK  [0m[928]: ] Generating public/private rsa key pair.Reached target Timers.

[   38.576635] [cloud-init[0;32m  OK  [0m[928]: ] Your identification has been saved in /etc/ssh/ssh_host_rsa_key.Reached target Cloud-config availability.

[   38.577687] cloud-init[928]: Your public key has been saved in /etc/ssh/ssh_host_rsa_key.pub.
[   38.789321] [cloud-init[0;32m  OK  [0m[928]: ] The key fingerprint is:Listening on LXD - unix socket.

[[0;32m  OK  [0m] Listening on Socket activation for snappy daemon.
[[0;32m  OK  [0m] Started iSCSI initiator daemon (iscsid).
[   38.790551] cloud-init[928]: SHA256:wwQmeblYAn3Z/UoP1YwTrmvvTJvCT+YOPPBdQjL5xXo root@ubuntu-xenial
[   38.860059] cloud-init[928]: The key's randomart image is:
[   38.900927] cloud-init[928]: +---[RSA 2048]----+
[   38.944867] cloud-init[928]: |  .o..o+ .  .=   |
         Starting Login to default iSCSI targets...
[[0;32m  OK  [0m] Reached target Sockets.
[[0;32m  OK  [0m] Reached target Basic System.
[   39.004087] cloud-init[928]: |    +o*.. .o+.o  |
         Starting Pollinate to seed the pseudo random number generator...
[   39.198977] cloud-init[928]: |     * .. +oo.o  |
[   39.284372]          cloud-initStarting /etc/rc.local Compatibility...[928]: 
|    . .o  o*.o   |
[[0;32m  OK  [0m] Started Regular background program processing daemon.
[[0;32m  OK  [0m] Started Unattended Upgrades Shutdown.
[   39.302186] cloud-init[928]: |        S..++ E  |
[   39.424482] [cloud-init[0;32m  OK  [0m[928]: ] |         =.o.+   |Started FUSE filesystem for LXC.

[   39.425199] cloud-init[928]: |         .B =    |
[   39.494397]          cloud-initStarting LSB: MD monitoring daemon...[928]: 
|         .oX o   |
[   39.592218] [cloud-init[0;32m  OK  [0m[928]: ] |           =X    |Started ACPI event daemon.

[   39.593599] cloud-init[928]: +----[SHA256]-----+
[   39.716836]          cloud-initStarting Virtualbox guest utils...[928]: 
Generating public/private dsa key pair.
[   39.814539]          cloud-initStarting Apply the settings specified in cloud-config...[928]: 
Your identification has been saved in /etc/ssh/ssh_host_dsa_key.
[   39.841357]          cloud-initStarting Snappy daemon...[928]: 
Your public key has been saved in /etc/ssh/ssh_host_dsa_key.pub.
[   39.926983] cloud-init[928]: The key fingerprint is:
         Starting Login Service...
[   39.978709] cloud-init[928]: SHA256:u6VeTlBmX0vjPha5fuSq35aeHYZ9xT5CZxbcZqFYTCM root@ubuntu-xenial
[   40.121067] [cloud-init[0;32m  OK  [0m[928]: ] The key's randomart image is:Started D-Bus System Message Bus.

[   40.121838] cloud-init[928]: +---[DSA 1024]----+
[   40.224632] cloud-init[928]: |           Eo+ . |
[   40.265208] cloud-init[928]: |            +.+ o|
[   40.265543] cloud-init[928]: |          +. .+o+|
         Starting System Logging Service...
[   40.265725] cloud-init[928]: |         + . + B.|
[   40.426609] cloud-init[928]: |        S   ..=+o|
[   40.449397] cloud-init[928]: |         o  ..*+o|
[   40.449982] cloud-init[928]: |        . +  o=B+|
         Starting Accounts Service...
[   40.450146] cloud-init[928]: |         B   oo+X|
         Starting LSB: Record successful boot for GRUB...
[   40.551633] cloud-init[928]: |       .+ . .o=*o|
[   40.612310] cloud-init[928]: +----[SHA256]-----+
[[0;32m  OK  [0m] Started Deferred execution scheduler.
[   40.651327] cloud-init[928]: Generating public/private ecdsa key pair.
[   40.686256] cloud-init[928]: Your identification has been saved in /etc/ssh/ssh_host_ecdsa_key.
[   40.690119] cloud-init[928]: Your public key has been saved in /etc/ssh/ssh_host_ecdsa_key.pub.
[   40.690857] cloud-init[928]: The key fingerprint is:
[   40.690916] cloud-init[928]: SHA256:LOpKzN28Kua8k09ppHGoAaDWHzuK7cAlxW7u8rvB/LM root@ubuntu-xenial
         Starting LXD - container startup/shutdown...
[   40.690964] cloud-init[928]: The key's randomart image is:
[   41.004796] cloud-init[928]: +---[ECDSA 256]---+
[   41.005159] cloud-init[928]: |.                |
[[0;32m  OK  [0m] Started Snappy daemon.
[[   41.005323] cloud-init[928]: |o o              |
[   41.157071] cloud-init[928]: |o. + .           |
[0;32m  OK  [0m] Started System Logging Service.
[   41.157312] cloud-init[928]: |o o.. o.         |
[   41.361200] cloud-init[928]: |..o+o+. S        |
[   41.362013] cloud-init[928]: |.=X*.=..         |
[[0;32m  OK  [0m] Started Pollinate to seed the pseudo random number generator.
[   41.362298] cloud-init[928]: |.+=O* o          |
[[   41.632748] cloud-init[928]: | +O+o. .         |
[   41.633675] cloud-init[928]: | oB%*E+          |
[0;32m  OK  [0m] Started /etc/rc.local Compatibility.
[   41.633834] cloud-init[928]: +----[SHA256]-----+
[[   41.784954] cloud-init[928]: Generating public/private ed25519 key pair.
[   41.785857] cloud-init[928]: Your identification has been saved in /etc/ssh/ssh_host_ed25519_key.
[0;32m  OK  [0m] Started Apply the settings specified in cloud-config.
[   41.786162] cloud-init[928]: Your public key has been saved in /etc/ssh/ssh_host_ed25519_key.pub.
[[   42.048674] cloud-init[928]: The key fingerprint is:
[   42.049434] cloud-init[928]: SHA256:i8r3KFL6Ca0/6FeLlUNPj+LAsVHU6JoYmGDHZLf2vH0 root@ubuntu-xenial
[0;32m  OK  [0m] Started LXD - container startup/shutdown.
[   42.049735] cloud-init[928]: The key's randomart image is:
[[   42.192633] cloud-init[928]: +--[ED25519 256]--+
[   42.193323] cloud-init[928]: |  oo o.o         |
[0;32m  OK  [0m] Started Login to default iSCSI targets.
[   42.193539] cloud-init[928]: |...o. + .        |
[   42.305059] cloud-init[928]: |oo.  =           |
[   42.305614] cloud-init[928]: |o . + = .        |
[[0;32m  OK  [0m] Started LSB: MD monitoring daemon.
[   42.305937] cloud-init[928]: |   + B *So       |
[   42.444514] cloud-init[928]: |  ..B *.=..      |
[   42.444976] cloud-init[928]: |  .+.*.=.. E     |
[[0;32m  OK  [0m] Started Virtualbox guest utils.
[   42.445416] cloud-init[928]: |  ++=o+.  .      |
[[   42.576811] cloud-init[928]: | .o=*+...        |
[   42.577489] cloud-init[928]: +----[SHA256]-----+
[0;32m  OK  [0m] Started LSB: Record successful boot for GRUB.
[   42.584401] cloud-init[1101]: Generating locales (this might take a while)...
[[   42.688571] cloud-init[1101]:   en_US.UTF-8... done
[0;32m  OK  [0m] Started Login Service.
[   42.689386] cloud-init[1101]: Generation complete.
[   42.764614] cloud-init[1101]: Cloud-init v. 18.2 running 'modules:config' at Mon, 11 Jun 2018 21:16:58 +0000. Up 39.99 seconds.
         Starting Authenticate and Authorize Users to Run Privileged Tasks...
[[0;32m  OK  [0m] Reached target Remote File Systems (Pre).
[[0;32m  OK  [0m] Reached target Remote File Systems.
         Starting LSB: automatic crash report generation...
         Starting LSB: Set the CPU Frequency Scaling governor to "ondemand"...
         Starting Permit User Sessions...
         Starting LSB: daemon to balance interrupts for SMP systems...
         Starting OpenBSD Secure Shell server...
         Starting Wait until snapd is fully seeded...
[[0;32m  OK  [0m] Started OpenBSD Secure Shell server.
[[0;32m  OK  [0m] Started Permit User Sessions.
[[0;32m  OK  [0m] Started Wait until snapd is fully seeded.
[[0;32m  OK  [0m] Started Authenticate and Authorize Users to Run Privileged Tasks.
[[0;32m  OK  [0m] Started Accounts Service.
[[0;32m  OK  [0m] Started LSB: Set the CPU Frequency Scaling governor to "ondemand".
[[0;32m  OK  [0m] Started LSB: automatic crash report generation.
[[0;32m  OK  [0m] Started LSB: daemon to balance interrupts for SMP systems.
[[0;32m  OK  [0m] Created slice User Slice of vagrant.
[[0;32m  OK  [0m] Started Session 2 of user vagrant.
         Starting User Manager for UID 1000...
         Starting Hold until boot process finishes up...
         Starting Terminate Plymouth Boot Screen...
[[0;32m  OK  [0m] Started User Manager for UID 1000.
[[0;32m  OK  [0m] Started Hold until boot process finishes up.
[[0;32m  OK  [0m] Started Terminate Plymouth Boot Screen.
[[0;32m  OK  [0m] Started Getty on tty1.
[[0;32m  OK  [0m] Started Serial Getty on ttyS0.
[[0;32m  OK  [0m] Reached target Login Prompts.
[[0;32m  OK  [0m] Reached target Multi-User System.
         Starting Execute cloud user/final scripts...
[[0;32m  OK  [0m] Reached target Graphical Interface.
         Starting Update UTMP about System Runlevel Changes...
         Starting Set console scheme...
[[0;32m  OK  [0m] Started Set console scheme.
[[0;32m  OK  [0m] Started Update UTMP about System Runlevel Changes.
ci-info: no authorized ssh keys fingerprints found for user ubuntu.
<14>Jun 11 21:17:02 ec2: 
<14>Jun 11 21:17:02 ec2: #############################################################
<14>Jun 11 21:17:02 ec2: -----BEGIN SSH HOST KEY FINGERPRINTS-----
<14>Jun 11 21:17:02 ec2: 1024 SHA256:u6VeTlBmX0vjPha5fuSq35aeHYZ9xT5CZxbcZqFYTCM root@ubuntu-xenial (DSA)
<14>Jun 11 21:17:02 ec2: 256 SHA256:LOpKzN28Kua8k09ppHGoAaDWHzuK7cAlxW7u8rvB/LM root@ubuntu-xenial (ECDSA)
<14>Jun 11 21:17:02 ec2: 256 SHA256:i8r3KFL6Ca0/6FeLlUNPj+LAsVHU6JoYmGDHZLf2vH0 root@ubuntu-xenial (ED25519)
<14>Jun 11 21:17:02 ec2: 2048 SHA256:wwQmeblYAn3Z/UoP1YwTrmvvTJvCT+YOPPBdQjL5xXo root@ubuntu-xenial (RSA)
<14>Jun 11 21:17:02 ec2: -----END SSH HOST KEY FINGERPRINTS-----
<14>Jun 11 21:17:02 ec2: #############################################################
-----BEGIN SSH HOST KEY KEYS-----
ecdsa-sha2-nistp256 AAAAE2VjZHNhLXNoYTItbmlzdHAyNTYAAAAIbmlzdHAyNTYAAABBBBl7X/RjVrQBsxJ8iACwYTqi+2TDZvcFltlJyRKegTfbpgOFtkn2ExX5BB8CZ7/k6DPq0Kc+WtTCxmP0ZZ0+SJ8= root@ubuntu-xenial
ssh-ed25519 AAAAC3NzaC1lZDI1NTE5AAAAIEXsBZEqS0QWf02fAiFoC7JakHXZ+sB2Ta/R17sZ9J5/ root@ubuntu-xenial
ssh-rsa AAAAB3NzaC1yc2EAAAADAQABAAABAQCabIDp2nWpqWBzPVg6nk0sej+ZMGBZtJr/7KMVKt02jUYRJnI6IftfyU4MdCQvyv4AZVe+YjU1dHxxT9N2DlEOQ4H9+0uOgsRaPSe+IagV1x+94n3hcmSA8WOY4VcQdma3o4gbzlK3S3kkM6Jt+DV80ipaoWizsQbVLPOg35wbxA4AY0PiJy24YimUGx+TFtRTj6Tr5Wc3gcg8+315nsxF9zhkNtDo0lDGS3K2174xJF3pjpeOxjhcX4a44Jnl2GNz6+KzJkAap2fEwggPj7zwgY5lDWjUnYx1z8fnID6Zv6fATbMnyPDhGo53DaJJf1vtuZwE55wAd+g8hMNomUZh root@ubuntu-xenial
-----END SSH HOST KEY KEYS-----
[   44.977085] cloud-init[1295]: Cloud-init v. 18.2 running 'modules:final' at Mon, 11 Jun 2018 21:17:02 +0000. Up 44.25 seconds.
[   45.003026] cloud-init[1295]: ci-info: no authorized ssh keys fingerprints found for user ubuntu.
[   45.008965] cloud-init[1295]: Cloud-init v. 18.2 finished at Mon, 11 Jun 2018 21:17:03 +0000. Datasource DataSourceNoCloud [seed=/dev/sdb][dsmode=net].  Up 44.97 seconds
[[0;32m  OK  [0m] Started Execute cloud user/final scripts.
[[0;32m  OK  [0m] Reached target Cloud-init target.

Ubuntu 16.04.4 LTS ubuntu-xenial ttyS0

ubuntu-xenial login:          Stopping Authenticate and Authorize Users to Run Privileged Tasks...
[[0;32m  OK  [0m] Stopped target Cloud-init target.
[[0;32m  OK  [0m] Closed Load/Sv[[0;32m  OK  [0m] Unmounted /var/lib/lxcfs.
[[0;32m  OK  [0m] Stopped Regular background program processing daemon.
[[0;32m  OK  [0m] Stopped ACPI event daemon.
[[0;32m  OK  [0m] Stopped Snappy daemon.
[[0;32m  OK  [0m] Stopped System Logging Service.
[[0;32m  OK  [0m] Stopped Accounts Service.
[[0;32m  OK  [0m] Stopped Deferred execution scheduler.
[[0;32m  OK  [0m] Stopped Authenticate and Authorize Users to Run Privileged Tasks.
[[0;32m  OK  [0m] Stopped OpenBSD Secure Shell server.
[[0;32m  OK  [0m] Stopped Getty on tty1.
[[0;32m  OK  [0m] Stopped Serial Getty on ttyS0.
[[0;32m  OK  [0m] Stopped User Manager for UID 1000.
[[0;32m  OK  [0m] Stopped Session 5 of user vagrant.
[[0;32m  OK  [0m] Stopped Unattended Upgrades Shutdown.
[[0;32m  OK  [0m] Stopped D-Bus System Message Bus.
[[0;32m  OK  [0m] Stopped FUSE filesystem for LXC.
[[0;32m  OK  [0m] Stopped LSB: daemon to balance interrupts for SMP systems.
[[0;32m  OK  [0m] Stopped LSB: MD monitoring daemon.
[[0;32m  OK  [0m] Stopped LXD - container startup/shutdown.
[[0;32m  OK  [0m] Stopped LSB: Set the CPU Frequency Scaling governor to "ondemand".
[[0;32m  OK  [0m] Stopped Virtualbox guest utils.
[[0;32m  OK  [0m] Stopped LSB: Record successful boot for GRUB.
[[0;32m  OK  [0m] Stopped LSB: automatic crash report generation.
[[0;32m  OK  [0m] Removed slice User Slice of vagrant.
         Stopping Login Service...
[[0;32m  OK  [0m] Removed slice system-serial\x2dgetty.slice.
[[0;32m  OK  [0m] Removed slice system-getty.slice.
[[0;32m  OK  [0m] Stopped /etc/rc.local Compatibility.
         Stopping Permit User Sessions...
[[0;32m  OK  [0m] Stopped Login Service.
[[0;32m  OK  [0m] Stopped Permit User Sessions.
[[0;32m  OK  [0m] Stopped target Remote File Systems.
[[0;32m  OK  [0m] Stopped target Remote File Systems (Pre).
         Stopping Login to default iSCSI targets...
[[0;32m  OK  [0m] Stopped target Basic System.
[[0;32m  OK  [0m] Stopped target Slices.
[[0;32m  OK  [0m] Stopped target Sockets.
[[0;32m  OK  [0m] Closed D-Bus System Message Bus Socket.
[[0;32m  OK  [0m] Closed LXD - unix socket.
[[0;32m  OK  [0m] Closed Syslog Socket.
[[0;32m  OK  [0m] Closed Socket activation for snappy daemon.
[[0;32m  OK  [0m] Closed ACPID Listen Socket.
[[0;32m  OK  [0m] Closed UUID daemon activation socket.
[[0;32m  OK  [0m] Stopped target Paths.
[[0;32m  OK  [0m] Stopped Dispatch Password Requests to Console Directory Watch.
[[0;32m  OK  [0m] Stopped Forward Password Requests to Wall Directory Watch.
[[0;32m  OK  [0m] Stopped ACPI Events Check.
[[0;32m  OK  [0m] Stopped target System Initialization.
[[0;32m  OK  [0m] Stopped Commit a transient machine-id on disk.
[[0;32m  OK  [0m] Stopped target Encrypted Volumes.
         Stopping Load/Save Random Seed...
[[0;32m  OK  [0m] Stopped Create Volatile Files and Directories.
[[0;32m  OK  [0m] Stopped target Swap.
[[0;32m  OK  [0m] Stopped target User and Group Name Lookups.
[[0;32m  OK  [0m] Removed slice User and Session Slice.
[[0;32m  OK  [0m] Stopped Load/Save Random Seed.
[[0;32m  OK  [0m] Stopped Login to default iSCSI targets.
         Stopping iSCSI initiator daemon (iscsid)...
[[0;32m  OK  [0m] Stopped iSCSI initiator daemon (iscsid).
[[0;32m  OK  [0m] Stopped target Network is Online.
[[0;32m  OK  [0m] Stopped target Network.
[[0;32m  OK  [0m] Stopped Initial cloud-init job (metadata service crawler).
         Stopping Raise network interfaces...
[[0;32m  OK  [0m] Stopped Raise network interfaces.
[[0;32m  OK  [0m] Stopped target Network (Pre).
[[0;32m  OK  [0m] Stopped Initial cloud-init job (pre-networking).
[[0;32m  OK  [0m] Stopped Apply Kernel Variables.
[[0;32m  OK  [0m] Stopped Load Kernel Modules.
[[0;32m  OK  [0m] Stopped target Local File Systems.
         Unmounting /run/user/1000...
         Unmounting /vagrant...
[[0;32m  OK  [0m] Unmounted /run/user/1000.
[[0;32m  OK  [0m] Unmounted /vagrant.
[[0;32m  OK  [0m] Reached target Unmount All Filesystems.
[[0;32m  OK  [0m] Stopped target Local File Systems (Pre).
         Stopping Monitoring of LVM2 mirrors... dmeventd or progress polling...
[[0;32m  OK  [0m] Stopped Remount Root and Kernel File Systems.
[[0;32m  OK  [0m] Stopped Create Static Device Nodes in /dev.
[[0;32m  OK  [0m] Reached target Shutdown.
[  522.946488] reboot: Power down